20/03/05 14:21:49 ERROR SparkUncaughtExceptionHandler: Uncaught exception in thread Thread[main,5,main]
java.util.NoSuchElementException: key not found: _PYSPARK_DRIVER_CALLBACK_HOST
	at scala.collection.MapLike$class.default(MapLike.scala:228)
	at scala.collection.AbstractMap.default(Map.scala:59)
	at scala.collection.MapLike$class.apply(MapLike.scala:141)
	at scala.collection.AbstractMap.apply(Map.scala:59)
	at org.apache.spark.api.python.PythonGatewayServer$$anonfun$main$1.apply$mcV$sp(PythonGatewayServer.scala:50)
	at org.apache.spark.util.Utils$.tryOrExit(Utils.scala:1228)
	at org.apache.spark.api.python.PythonGatewayServer$.main(PythonGatewayServer.scala:37)
	at org.apache.spark.api.python.PythonGatewayServer.main(PythonGatewayServer.scala)
	at sun.reflect.NativeMethodAccessorImpl.invoke0(Native Method)
	at sun.reflect.NativeMethodAccessorImpl.invoke(NativeMethodAccessorImpl.java:62)
	at sun.reflect.DelegatingMethodAccessorImpl.invoke(DelegatingMethodAccessorImpl.java:43)
	at java.lang.reflect.Method.invoke(Method.java:498)
	at org.apache.spark.deploy.SparkSubmit$.org$apache$spark$deploy$SparkSubmit$$runMain(SparkSubmit.scala:738)
	at org.apache.spark.deploy.SparkSubmit$.doRunMain$1(SparkSubmit.scala:187)
	at org.apache.spark.deploy.SparkSubmit$.submit(SparkSubmit.scala:212)
	at org.apache.spark.deploy.SparkSubmit$.main(SparkSubmit.scala:126)
	at org.apache.spark.deploy.SparkSubmit.main(SparkSubmit.scala)
20/03/05 14:21:58 ERROR SparkUncaughtExceptionHandler: Uncaught exception in thread Thread[main,5,main]
java.util.NoSuchElementException: key not found: _PYSPARK_DRIVER_CALLBACK_HOST
	at scala.collection.MapLike$class.default(MapLike.scala:228)
	at scala.collection.AbstractMap.default(Map.scala:59)
	at scala.collection.MapLike$class.apply(MapLike.scala:141)
	at scala.collection.AbstractMap.apply(Map.scala:59)
	at org.apache.spark.api.python.PythonGatewayServer$$anonfun$main$1.apply$mcV$sp(PythonGatewayServer.scala:50)
	at org.apache.spark.util.Utils$.tryOrExit(Utils.scala:1228)
	at org.apache.spark.api.python.PythonGatewayServer$.main(PythonGatewayServer.scala:37)
	at org.apache.spark.api.python.PythonGatewayServer.main(PythonGatewayServer.scala)
	at sun.reflect.NativeMethodAccessorImpl.invoke0(Native Method)
	at sun.reflect.NativeMethodAccessorImpl.invoke(NativeMethodAccessorImpl.java:62)
	at sun.reflect.DelegatingMethodAccessorImpl.invoke(DelegatingMethodAccessorImpl.java:43)
	at java.lang.reflect.Method.invoke(Method.java:498)
	at org.apache.spark.deploy.SparkSubmit$.org$apache$spark$deploy$SparkSubmit$$runMain(SparkSubmit.scala:738)
	at org.apache.spark.deploy.SparkSubmit$.doRunMain$1(SparkSubmit.scala:187)
	at org.apache.spark.deploy.SparkSubmit$.submit(SparkSubmit.scala:212)
	at org.apache.spark.deploy.SparkSubmit$.main(SparkSubmit.scala:126)
	at org.apache.spark.deploy.SparkSubmit.main(SparkSubmit.scala)
20/03/05 14:22:41 ERROR SparkUncaughtExceptionHandler: Uncaught exception in thread Thread[main,5,main]
java.util.NoSuchElementException: key not found: _PYSPARK_DRIVER_CALLBACK_HOST
	at scala.collection.MapLike$class.default(MapLike.scala:228)
	at scala.collection.AbstractMap.default(Map.scala:59)
	at scala.collection.MapLike$class.apply(MapLike.scala:141)
	at scala.collection.AbstractMap.apply(Map.scala:59)
	at org.apache.spark.api.python.PythonGatewayServer$$anonfun$main$1.apply$mcV$sp(PythonGatewayServer.scala:50)
	at org.apache.spark.util.Utils$.tryOrExit(Utils.scala:1228)
	at org.apache.spark.api.python.PythonGatewayServer$.main(PythonGatewayServer.scala:37)
	at org.apache.spark.api.python.PythonGatewayServer.main(PythonGatewayServer.scala)
	at sun.reflect.NativeMethodAccessorImpl.invoke0(Native Method)
	at sun.reflect.NativeMethodAccessorImpl.invoke(NativeMethodAccessorImpl.java:62)
	at sun.reflect.DelegatingMethodAccessorImpl.invoke(DelegatingMethodAccessorImpl.java:43)
	at java.lang.reflect.Method.invoke(Method.java:498)
	at org.apache.spark.deploy.SparkSubmit$.org$apache$spark$deploy$SparkSubmit$$runMain(SparkSubmit.scala:738)
	at org.apache.spark.deploy.SparkSubmit$.doRunMain$1(SparkSubmit.scala:187)
	at org.apache.spark.deploy.SparkSubmit$.submit(SparkSubmit.scala:212)
	at org.apache.spark.deploy.SparkSubmit$.main(SparkSubmit.scala:126)
	at org.apache.spark.deploy.SparkSubmit.main(SparkSubmit.scala)
20/03/05 14:27:47 ERROR SparkUncaughtExceptionHandler: Uncaught exception in thread Thread[main,5,main]
java.util.NoSuchElementException: key not found: _PYSPARK_DRIVER_CALLBACK_HOST
	at scala.collection.MapLike$class.default(MapLike.scala:228)
	at scala.collection.AbstractMap.default(Map.scala:59)
	at scala.collection.MapLike$class.apply(MapLike.scala:141)
	at scala.collection.AbstractMap.apply(Map.scala:59)
	at org.apache.spark.api.python.PythonGatewayServer$$anonfun$main$1.apply$mcV$sp(PythonGatewayServer.scala:50)
	at org.apache.spark.util.Utils$.tryOrExit(Utils.scala:1228)
	at org.apache.spark.api.python.PythonGatewayServer$.main(PythonGatewayServer.scala:37)
	at org.apache.spark.api.python.PythonGatewayServer.main(PythonGatewayServer.scala)
	at sun.reflect.NativeMethodAccessorImpl.invoke0(Native Method)
	at sun.reflect.NativeMethodAccessorImpl.invoke(NativeMethodAccessorImpl.java:62)
	at sun.reflect.DelegatingMethodAccessorImpl.invoke(DelegatingMethodAccessorImpl.java:43)
	at java.lang.reflect.Method.invoke(Method.java:498)
	at org.apache.spark.deploy.SparkSubmit$.org$apache$spark$deploy$SparkSubmit$$runMain(SparkSubmit.scala:738)
	at org.apache.spark.deploy.SparkSubmit$.doRunMain$1(SparkSubmit.scala:187)
	at org.apache.spark.deploy.SparkSubmit$.submit(SparkSubmit.scala:212)
	at org.apache.spark.deploy.SparkSubmit$.main(SparkSubmit.scala:126)
	at org.apache.spark.deploy.SparkSubmit.main(SparkSubmit.scala)
20/03/05 14:30:11 ERROR SparkUncaughtExceptionHandler: Uncaught exception in thread Thread[main,5,main]
java.util.NoSuchElementException: key not found: _PYSPARK_DRIVER_CALLBACK_HOST
	at scala.collection.MapLike$class.default(MapLike.scala:228)
	at scala.collection.AbstractMap.default(Map.scala:59)
	at scala.collection.MapLike$class.apply(MapLike.scala:141)
	at scala.collection.AbstractMap.apply(Map.scala:59)
	at org.apache.spark.api.python.PythonGatewayServer$$anonfun$main$1.apply$mcV$sp(PythonGatewayServer.scala:50)
	at org.apache.spark.util.Utils$.tryOrExit(Utils.scala:1228)
	at org.apache.spark.api.python.PythonGatewayServer$.main(PythonGatewayServer.scala:37)
	at org.apache.spark.api.python.PythonGatewayServer.main(PythonGatewayServer.scala)
	at sun.reflect.NativeMethodAccessorImpl.invoke0(Native Method)
	at sun.reflect.NativeMethodAccessorImpl.invoke(NativeMethodAccessorImpl.java:62)
	at sun.reflect.DelegatingMethodAccessorImpl.invoke(DelegatingMethodAccessorImpl.java:43)
	at java.lang.reflect.Method.invoke(Method.java:498)
	at org.apache.spark.deploy.SparkSubmit$.org$apache$spark$deploy$SparkSubmit$$runMain(SparkSubmit.scala:738)
	at org.apache.spark.deploy.SparkSubmit$.doRunMain$1(SparkSubmit.scala:187)
	at org.apache.spark.deploy.SparkSubmit$.submit(SparkSubmit.scala:212)
	at org.apache.spark.deploy.SparkSubmit$.main(SparkSubmit.scala:126)
	at org.apache.spark.deploy.SparkSubmit.main(SparkSubmit.scala)
20/03/05 14:30:56 ERROR SparkUncaughtExceptionHandler: Uncaught exception in thread Thread[main,5,main]
java.util.NoSuchElementException: key not found: _PYSPARK_DRIVER_CALLBACK_HOST
	at scala.collection.MapLike$class.default(MapLike.scala:228)
	at scala.collection.AbstractMap.default(Map.scala:59)
	at scala.collection.MapLike$class.apply(MapLike.scala:141)
	at scala.collection.AbstractMap.apply(Map.scala:59)
	at org.apache.spark.api.python.PythonGatewayServer$$anonfun$main$1.apply$mcV$sp(PythonGatewayServer.scala:50)
	at org.apache.spark.util.Utils$.tryOrExit(Utils.scala:1228)
	at org.apache.spark.api.python.PythonGatewayServer$.main(PythonGatewayServer.scala:37)
	at org.apache.spark.api.python.PythonGatewayServer.main(PythonGatewayServer.scala)
	at sun.reflect.NativeMethodAccessorImpl.invoke0(Native Method)
	at sun.reflect.NativeMethodAccessorImpl.invoke(NativeMethodAccessorImpl.java:62)
	at sun.reflect.DelegatingMethodAccessorImpl.invoke(DelegatingMethodAccessorImpl.java:43)
	at java.lang.reflect.Method.invoke(Method.java:498)
	at org.apache.spark.deploy.SparkSubmit$.org$apache$spark$deploy$SparkSubmit$$runMain(SparkSubmit.scala:738)
	at org.apache.spark.deploy.SparkSubmit$.doRunMain$1(SparkSubmit.scala:187)
	at org.apache.spark.deploy.SparkSubmit$.submit(SparkSubmit.scala:212)
	at org.apache.spark.deploy.SparkSubmit$.main(SparkSubmit.scala:126)
	at org.apache.spark.deploy.SparkSubmit.main(SparkSubmit.scala)
20/03/05 14:34:21 ERROR SparkUncaughtExceptionHandler: Uncaught exception in thread Thread[main,5,main]
java.util.NoSuchElementException: key not found: _PYSPARK_DRIVER_CALLBACK_HOST
	at scala.collection.MapLike$class.default(MapLike.scala:228)
	at scala.collection.AbstractMap.default(Map.scala:59)
	at scala.collection.MapLike$class.apply(MapLike.scala:141)
	at scala.collection.AbstractMap.apply(Map.scala:59)
	at org.apache.spark.api.python.PythonGatewayServer$$anonfun$main$1.apply$mcV$sp(PythonGatewayServer.scala:50)
	at org.apache.spark.util.Utils$.tryOrExit(Utils.scala:1228)
	at org.apache.spark.api.python.PythonGatewayServer$.main(PythonGatewayServer.scala:37)
	at org.apache.spark.api.python.PythonGatewayServer.main(PythonGatewayServer.scala)
	at sun.reflect.NativeMethodAccessorImpl.invoke0(Native Method)
	at sun.reflect.NativeMethodAccessorImpl.invoke(NativeMethodAccessorImpl.java:62)
	at sun.reflect.DelegatingMethodAccessorImpl.invoke(DelegatingMethodAccessorImpl.java:43)
	at java.lang.reflect.Method.invoke(Method.java:498)
	at org.apache.spark.deploy.SparkSubmit$.org$apache$spark$deploy$SparkSubmit$$runMain(SparkSubmit.scala:738)
	at org.apache.spark.deploy.SparkSubmit$.doRunMain$1(SparkSubmit.scala:187)
	at org.apache.spark.deploy.SparkSubmit$.submit(SparkSubmit.scala:212)
	at org.apache.spark.deploy.SparkSubmit$.main(SparkSubmit.scala:126)
	at org.apache.spark.deploy.SparkSubmit.main(SparkSubmit.scala)
20/03/05 14:37:07 ERROR SparkUncaughtExceptionHandler: Uncaught exception in thread Thread[main,5,main]
java.util.NoSuchElementException: key not found: _PYSPARK_DRIVER_CALLBACK_HOST
	at scala.collection.MapLike$class.default(MapLike.scala:228)
	at scala.collection.AbstractMap.default(Map.scala:59)
	at scala.collection.MapLike$class.apply(MapLike.scala:141)
	at scala.collection.AbstractMap.apply(Map.scala:59)
	at org.apache.spark.api.python.PythonGatewayServer$$anonfun$main$1.apply$mcV$sp(PythonGatewayServer.scala:50)
	at org.apache.spark.util.Utils$.tryOrExit(Utils.scala:1228)
	at org.apache.spark.api.python.PythonGatewayServer$.main(PythonGatewayServer.scala:37)
	at org.apache.spark.api.python.PythonGatewayServer.main(PythonGatewayServer.scala)
	at sun.reflect.NativeMethodAccessorImpl.invoke0(Native Method)
	at sun.reflect.NativeMethodAccessorImpl.invoke(NativeMethodAccessorImpl.java:62)
	at sun.reflect.DelegatingMethodAccessorImpl.invoke(DelegatingMethodAccessorImpl.java:43)
	at java.lang.reflect.Method.invoke(Method.java:498)
	at org.apache.spark.deploy.SparkSubmit$.org$apache$spark$deploy$SparkSubmit$$runMain(SparkSubmit.scala:738)
	at org.apache.spark.deploy.SparkSubmit$.doRunMain$1(SparkSubmit.scala:187)
	at org.apache.spark.deploy.SparkSubmit$.submit(SparkSubmit.scala:212)
	at org.apache.spark.deploy.SparkSubmit$.main(SparkSubmit.scala:126)
	at org.apache.spark.deploy.SparkSubmit.main(SparkSubmit.scala)
20/03/05 18:19:55 ERROR SparkUncaughtExceptionHandler: Uncaught exception in thread Thread[main,5,main]
java.util.NoSuchElementException: key not found: _PYSPARK_DRIVER_CALLBACK_HOST
	at scala.collection.MapLike$class.default(MapLike.scala:228)
	at scala.collection.AbstractMap.default(Map.scala:59)
	at scala.collection.MapLike$class.apply(MapLike.scala:141)
	at scala.collection.AbstractMap.apply(Map.scala:59)
	at org.apache.spark.api.python.PythonGatewayServer$$anonfun$main$1.apply$mcV$sp(PythonGatewayServer.scala:50)
	at org.apache.spark.util.Utils$.tryOrExit(Utils.scala:1228)
	at org.apache.spark.api.python.PythonGatewayServer$.main(PythonGatewayServer.scala:37)
	at org.apache.spark.api.python.PythonGatewayServer.main(PythonGatewayServer.scala)
	at sun.reflect.NativeMethodAccessorImpl.invoke0(Native Method)
	at sun.reflect.NativeMethodAccessorImpl.invoke(NativeMethodAccessorImpl.java:62)
	at sun.reflect.DelegatingMethodAccessorImpl.invoke(DelegatingMethodAccessorImpl.java:43)
	at java.lang.reflect.Method.invoke(Method.java:498)
	at org.apache.spark.deploy.SparkSubmit$.org$apache$spark$deploy$SparkSubmit$$runMain(SparkSubmit.scala:738)
	at org.apache.spark.deploy.SparkSubmit$.doRunMain$1(SparkSubmit.scala:187)
	at org.apache.spark.deploy.SparkSubmit$.submit(SparkSubmit.scala:212)
	at org.apache.spark.deploy.SparkSubmit$.main(SparkSubmit.scala:126)
	at org.apache.spark.deploy.SparkSubmit.main(SparkSubmit.scala)
